<?xml version="1.0" encoding="UTF-8"?>
<!-- Generated by org.testng.reporters.JUnitReportReporter -->
<testsuite skipped="1" hostname="DESKTOP-HJFUPPQ" name="testinguy.appium.main.mainTest2" tests="5" failures="0" timestamp="17 abr 2020 17:33:48 GMT" time="24.475" errors="0">
  <testcase name="testCaseSkipException" time="0.000" classname="testinguy.appium.main.mainTest2"/>
  <testcase name="Test_Slider" time="10.299" classname="testinguy.appium.main.mainTest2"/>
  <testcase name="IniciarSesion" time="5.400" classname="testinguy.appium.main.mainTest2"/>
  <testcase name="Test_DragAndDrop" time="8.776" classname="testinguy.appium.main.mainTest2"/>
  <testcase name="Test_NativeView" classname="testinguy.appium.main.mainTest2">
    <skipped/>
  </testcase> <!-- Test_NativeView -->
</testsuite> <!-- testinguy.appium.main.mainTest2 -->
