<?xml version="1.0" encoding="UTF-8"?>
<!-- Generated by org.testng.reporters.JUnitReportReporter -->
<testsuite skipped="1" hostname="DESKTOP-HJFUPPQ" name="testinguy.appium.main.mainTest2" tests="5" failures="0" timestamp="19 abr 2020 06:21:49 GMT" time="31.136" errors="0">
  <testcase name="Test_Slider" time="12.042" classname="testinguy.appium.main.mainTest2"/>
  <testcase name="testCaseSkipException" time="0.001" classname="testinguy.appium.main.mainTest2"/>
  <testcase name="Test_DragAndDrop" time="9.838" classname="testinguy.appium.main.mainTest2"/>
  <testcase name="IniciarSesion" time="9.255" classname="testinguy.appium.main.mainTest2"/>
  <testcase name="Test_NativeView" classname="testinguy.appium.main.mainTest2">
    <skipped/>
  </testcase> <!-- Test_NativeView -->
</testsuite> <!-- testinguy.appium.main.mainTest2 -->
